[DEBUG] ========== /refresh-brief CALLED ==========
[DEBUG] Monitored accounts: ['lord_fed']
[DEBUG] Fetching tweets for lord_fed (FIRST FETCH - no previous summary), ignoring since_id, fetching all tweets
[DEBUG] fetch_tweets returned 20 tweets for lord_fed
[DEBUG] About to call generate_summary with 20 tweets
[DEBUG] combined_previous_summary length: 0
[DEBUG] generate_summary returned, length: 2254
[DEBUG] Returning RefreshResponse with summary length: 2254
[DEBUG] ========== /refresh-brief CALLED ==========
[DEBUG] Monitored accounts: ['hhuang', 'tig88411109']
[DEBUG] Fetching tweets for hhuang (FIRST FETCH - no previous summary), ignoring since_id, fetching all tweets
[DEBUG] fetch_tweets returned 20 tweets for hhuang
[DEBUG] Fetching tweets for tig88411109 (FIRST FETCH - no previous summary), ignoring since_id, fetching all tweets
[DEBUG] fetch_tweets returned 0 tweets for tig88411109
[DEBUG] About to call generate_summary with 20 tweets
[DEBUG] combined_previous_summary length: 0
[DEBUG] generate_summary returned, length: 2685
[DEBUG] Returning RefreshResponse with summary length: 2685
[DEBUG] ========== /refresh-brief CALLED ==========
[DEBUG] Monitored accounts: ['hhuang', 'tig88411109']
[DEBUG] Fetching tweets for hhuang (has previous summary), using since_id: 1993189588010254821
[DEBUG] fetch_tweets returned 0 tweets for hhuang
[DEBUG] Waiting 6 seconds before fetching next account (rate limit protection)...
[DEBUG] Fetching tweets for tig88411109 (has previous summary), using since_id: None
[DEBUG] fetch_tweets returned 20 tweets for tig88411109
[DEBUG] About to call generate_summary with 20 tweets
[DEBUG] combined_previous_summary length: 5395
[DEBUG] generate_summary returned, length: 6667
[DEBUG] Returning RefreshResponse with summary length: 6667
[DEBUG] ========== /refresh-brief CALLED ==========
[DEBUG] Monitored accounts: ['hhuang', 'tig88411109']
[DEBUG] Fetching tweets for hhuang (has previous summary), using since_id: 1993189588010254821
[DEBUG] fetch_tweets returned 20 tweets for hhuang
[DEBUG] Collected 20 tweets for hhuang (will save all accounts together)
[DEBUG]   had_previous_summary: True
[DEBUG]   since_id_used_for_filtering: 1993189588010254821
[DEBUG]   last_tweet_id_in_state: 1993189588010254821
[DEBUG]   new_last_tweet_id (latest fetched): 1993523627527217358
[DEBUG] Waiting 6 seconds before fetching next account (rate limit protection)...
[DEBUG] Fetching tweets for tig88411109 (has previous summary), using since_id: 1993208625180164178
[DEBUG] fetch_tweets returned 20 tweets for tig88411109
[DEBUG] Collected 20 tweets for tig88411109 (will save all accounts together)
[DEBUG]   had_previous_summary: True
[DEBUG]   since_id_used_for_filtering: 1993208625180164178
[DEBUG]   last_tweet_id_in_state: 1993208625180164178
[DEBUG]   new_last_tweet_id (latest fetched): 1993525866815689109
[DEBUG] Saved data for 2 accounts (40 total tweets) to test_tweets_data.json
[DEBUG] About to call generate_summary with 40 tweets
[DEBUG] combined_previous_summary length: 13359
[DEBUG] generate_summary returned, length: 10379
[DEBUG] Returning RefreshResponse with summary length: 10379
[DEBUG] ========== /refresh-brief CALLED ==========
[DEBUG] Monitored accounts: ['hhuang']
[DEBUG] Fetching tweets for hhuang (has previous summary), using since_id: 1993523627527217358
[DEBUG] fetch_tweets returned 0 tweets for hhuang
[DEBUG] Collected 0 tweets for hhuang (will save all accounts together)
[DEBUG]   had_previous_summary: True
[DEBUG]   since_id_used_for_filtering: 1993523627527217358
[DEBUG]   last_tweet_id_in_state: 1993523627527217358
[DEBUG]   new_last_tweet_id (latest fetched): 1993523627527217358
[DEBUG] Saved data for 1 accounts (0 total tweets) to test_tweets_data.json
[DEBUG] About to call generate_summary with 0 tweets
[DEBUG] combined_previous_summary length: 10388
[DEBUG] generate_summary returned, length: 4744
[DEBUG] Returning RefreshResponse with summary length: 4744
[DEBUG] ========== /refresh-brief CALLED ==========
[DEBUG] Monitored accounts: ['hhuang']
[DEBUG] Fetching tweets for hhuang (has previous summary), using since_id: 1993523627527217358
[DEBUG] fetch_tweets returned 0 tweets for hhuang
[DEBUG] Collected 0 tweets for hhuang (will save all accounts together)
[DEBUG]   had_previous_summary: True
[DEBUG]   since_id_used_for_filtering: 1993523627527217358
[DEBUG]   last_tweet_id_in_state: 1993523627527217358
[DEBUG]   new_last_tweet_id (latest fetched): 1993523627527217358
[DEBUG] Saved data for 1 accounts (0 total tweets) to test_tweets_data.json
[DEBUG] About to call generate_summary with 0 tweets
[DEBUG] combined_previous_summary length: 4753
[DEBUG] generate_summary returned, length: 4537
[DEBUG] Returning RefreshResponse with summary length: 4537
[DEBUG] ========== /refresh-brief CALLED ==========
[DEBUG] Monitored accounts: ['hhuang']
[DEBUG] Fetching tweets for hhuang (has previous summary), using since_id: 1993523627527217358
[DEBUG] fetch_tweets returned 0 tweets for hhuang
[DEBUG] Collected 0 tweets for hhuang (will save all accounts together)
[DEBUG]   had_previous_summary: True
[DEBUG]   since_id_used_for_filtering: 1993523627527217358
[DEBUG]   last_tweet_id_in_state: 1993523627527217358
[DEBUG]   new_last_tweet_id (latest fetched): 1993523627527217358
[DEBUG] Saved data for 1 accounts (0 total tweets) to test_tweets_data.json
[DEBUG] About to call generate_summary with 0 tweets
[DEBUG] combined_previous_summary length: 4546
[DEBUG] generate_summary returned, length: 4268
[DEBUG] Returning RefreshResponse with summary length: 4268
[DEBUG] ========== /refresh-brief CALLED ==========
[DEBUG] Monitored accounts: ['hhuang']
[DEBUG] Fetching tweets for hhuang (has previous summary), using since_id: 1993523627527217358
[DEBUG] fetch_tweets returned 0 tweets for hhuang
[DEBUG] Collected 0 tweets for hhuang (will save all accounts together)
[DEBUG]   had_previous_summary: True
[DEBUG]   since_id_used_for_filtering: 1993523627527217358
[DEBUG]   last_tweet_id_in_state: 1993523627527217358
[DEBUG]   new_last_tweet_id (latest fetched): 1993523627527217358
[DEBUG] Saved data for 1 accounts (0 total tweets) to test_tweets_data.json
[DEBUG] About to call generate_summary with 0 tweets
[DEBUG] combined_previous_summary length: 4277
[DEBUG] generate_summary returned, length: 4268
[DEBUG] Returning RefreshResponse with summary length: 4268
[DEBUG] ========== /refresh-brief CALLED ==========
[DEBUG] Monitored accounts: ['hhuang']
[DEBUG] Fetching tweets for hhuang (has previous summary), using since_id: 1993523627527217358
[DEBUG] fetch_tweets returned 0 tweets for hhuang
[DEBUG] Collected 0 tweets for hhuang (will save all accounts together)
[DEBUG]   had_previous_summary: True
[DEBUG]   since_id_used_for_filtering: 1993523627527217358
[DEBUG]   last_tweet_id_in_state: 1993523627527217358
[DEBUG]   new_last_tweet_id (latest fetched): 1993523627527217358
[DEBUG] Saved data for 1 accounts (0 total tweets) to test_tweets_data.json
[DEBUG] About to call generate_summary with 0 tweets
[DEBUG] combined_previous_summary length: 4277
[DEBUG] generate_summary returned, length: 3549
[DEBUG] Returning RefreshResponse with summary length: 3549
[DEBUG] ========== /refresh-brief CALLED ==========
[DEBUG] Monitored accounts: ['hhuang']
[DEBUG] Fetching tweets for hhuang (has previous summary), using since_id: 1993523627527217358
[DEBUG] fetch_tweets returned 0 tweets for hhuang
[DEBUG] Collected 0 tweets for hhuang (will save all accounts together)
[DEBUG]   had_previous_summary: True
[DEBUG]   since_id_used_for_filtering: 1993523627527217358
[DEBUG]   last_tweet_id_in_state: 1993523627527217358
[DEBUG]   new_last_tweet_id (latest fetched): 1993523627527217358
[DEBUG] Saved data for 1 accounts (0 total tweets) to test_tweets_data.json
[DEBUG] About to call generate_summary with 0 tweets
[DEBUG] combined_previous_summary length: 3558
[DEBUG] generate_summary returned, length: 4174
[DEBUG] Returning RefreshResponse with summary length: 4174
[DEBUG] ========== /refresh-brief CALLED ==========
[DEBUG] Monitored accounts: ['hhuang']
[DEBUG] Fetching tweets for hhuang (has previous summary), using since_id: 1993523627527217358
[DEBUG] fetch_tweets returned 0 tweets for hhuang
[DEBUG] Collected 0 tweets for hhuang (will save all accounts together)
[DEBUG]   had_previous_summary: True
[DEBUG]   since_id_used_for_filtering: 1993523627527217358
[DEBUG]   last_tweet_id_in_state: 1993523627527217358
[DEBUG]   new_last_tweet_id (latest fetched): 1993523627527217358
[DEBUG] Saved data for 1 accounts (0 total tweets) to test_tweets_data.json
[DEBUG] About to call generate_summary with 0 tweets
[DEBUG] combined_previous_summary length: 4183
[DEBUG] generate_summary returned, length: 4174
[DEBUG] Returning RefreshResponse with summary length: 4174
[DEBUG] ========== /refresh-brief CALLED ==========
[DEBUG] Monitored accounts: ['hhuang']
[DEBUG] Fetching tweets for hhuang (has previous summary), using since_id: 1993523627527217358
[DEBUG] fetch_tweets returned 1 tweets for hhuang
[DEBUG] Collected 1 tweets for hhuang (will save all accounts together)
[DEBUG]   had_previous_summary: True
[DEBUG]   since_id_used_for_filtering: 1993523627527217358
[DEBUG]   last_tweet_id_in_state: 1993523627527217358
[DEBUG]   new_last_tweet_id (latest fetched): 1993533759745146948
[DEBUG] Saved data for 1 accounts (1 total tweets) to test_tweets_data.json
[DEBUG] About to call generate_summary with 1 tweets
[DEBUG] combined_previous_summary length: 4183
[DEBUG] generate_summary returned, length: 3363
[DEBUG] Returning RefreshResponse with summary length: 3363
[DEBUG] ========== /refresh-brief CALLED ==========
[DEBUG] Monitored accounts: ['hhuang']
[DEBUG] Fetching tweets for hhuang (has previous summary), using since_id: 1993533759745146948
[DEBUG] fetch_tweets returned 0 tweets for hhuang
[DEBUG] Collected 0 tweets for hhuang (will save all accounts together)
[DEBUG]   had_previous_summary: True
[DEBUG]   since_id_used_for_filtering: 1993533759745146948
[DEBUG]   last_tweet_id_in_state: 1993533759745146948
[DEBUG]   new_last_tweet_id (latest fetched): 1993533759745146948
[DEBUG] Saved data for 1 accounts (0 total tweets) to test_tweets_data.json
[DEBUG] About to call generate_summary with 0 tweets
[DEBUG] combined_previous_summary length: 3372
[DEBUG] generate_summary returned, length: 3129
[DEBUG] Returning RefreshResponse with summary length: 3129
[DEBUG] ========== /refresh-brief CALLED ==========
[DEBUG] Monitored accounts: ['hhuang']
[DEBUG] Fetching tweets for hhuang (has previous summary), using since_id: 1993533759745146948
[DEBUG] fetch_tweets returned 0 tweets for hhuang
[DEBUG] Collected 0 tweets for hhuang (will save all accounts together)
[DEBUG]   had_previous_summary: True
[DEBUG]   since_id_used_for_filtering: 1993533759745146948
[DEBUG]   last_tweet_id_in_state: 1993533759745146948
[DEBUG]   new_last_tweet_id (latest fetched): 1993533759745146948
[DEBUG] Saved data for 1 accounts (0 total tweets) to test_tweets_data.json
[DEBUG] About to call generate_summary with 0 tweets
[DEBUG] combined_previous_summary length: 3138
[DEBUG] generate_summary returned, length: 3129
[DEBUG] Returning RefreshResponse with summary length: 3129
[DEBUG] ========== /refresh-brief CALLED ==========
[DEBUG] Monitored accounts: ['hhuang']
[DEBUG] Fetching tweets for hhuang (has previous summary), using since_id: 1993533759745146948
[DEBUG] fetch_tweets returned 0 tweets for hhuang
[DEBUG] Collected 0 tweets for hhuang (will save all accounts together)
[DEBUG]   had_previous_summary: True
[DEBUG]   since_id_used_for_filtering: 1993533759745146948
[DEBUG]   last_tweet_id_in_state: 1993533759745146948
[DEBUG]   new_last_tweet_id (latest fetched): 1993533759745146948
[DEBUG] Saved data for 1 accounts (0 total tweets) to test_tweets_data.json
[DEBUG] About to call generate_summary with 0 tweets
[DEBUG] combined_previous_summary length: 3138
[DEBUG] generate_summary returned, length: 3129
[DEBUG] Returning RefreshResponse with summary length: 3129
[DEBUG] ========== /refresh-brief CALLED ==========
[DEBUG] Monitored accounts: ['hhuang']
[DEBUG] Fetching tweets for hhuang (has previous summary), using since_id: 1993533759745146948
[DEBUG] fetch_tweets returned 0 tweets for hhuang
[DEBUG] Collected 0 tweets for hhuang (will save all accounts together)
[DEBUG]   had_previous_summary: True
[DEBUG]   since_id_used_for_filtering: 1993533759745146948
[DEBUG]   last_tweet_id_in_state: 1993533759745146948
[DEBUG]   new_last_tweet_id (latest fetched): 1993533759745146948
[DEBUG] Saved data for 1 accounts (0 total tweets) to test_tweets_data.json
[DEBUG] About to call generate_summary with 0 tweets
[DEBUG] combined_previous_summary length: 3138
[DEBUG] generate_summary returned, length: 3129
[DEBUG] Returning RefreshResponse with summary length: 3129
[DEBUG] ========== /refresh-brief CALLED ==========
[DEBUG] Monitored accounts: ['hhuang']
[DEBUG] Fetching tweets for hhuang (has previous summary), using since_id: 1993533759745146948
[DEBUG] fetch_tweets returned 0 tweets for hhuang
[DEBUG] Collected 0 tweets for hhuang (will save all accounts together)
[DEBUG]   had_previous_summary: True
[DEBUG]   since_id_used_for_filtering: 1993533759745146948
[DEBUG]   last_tweet_id_in_state: 1993533759745146948
[DEBUG]   new_last_tweet_id (latest fetched): 1993533759745146948
[DEBUG] Saved data for 1 accounts (0 total tweets) to test_tweets_data.json
[DEBUG] About to call generate_summary with 0 tweets
[DEBUG] combined_previous_summary length: 3138
[DEBUG] generate_summary returned, length: 3138
[DEBUG] Returning RefreshResponse with summary length: 3138
[DEBUG] Summary being returned does NOT contain $1 or $2 placeholders - GOOD!
[DEBUG] First 500 chars of summary being returned: @hhuang: ## Actionable Insights
- **No New Updates**: No new tweets from @hhuang, so prior financial insights remain unchanged—maintain short-term sell signals on $GOOG (partial profits at $330, full exit at $360) due to AI narrative volatility, with long-term re-entry plans on EPS growth; monitor AI ecosystem for opportunities.
- **Ongoing Buy Signals**: Continue bullish outlook on AI infrastructure ($LITE, $COHR for CPO optics in data centers) and "Google family" stocks ($CLS, $AVGO, $GOOG); v
[DEBUG] ========== /refresh-brief CALLED ==========
[DEBUG] Monitored accounts: ['hhuang']
[DEBUG] Fetching tweets for hhuang (has previous summary), using since_id: 1993533759745146948
[DEBUG] fetch_tweets returned 0 tweets for hhuang
[DEBUG] Collected 0 tweets for hhuang (will save all accounts together)
[DEBUG]   had_previous_summary: True
[DEBUG]   since_id_used_for_filtering: 1993533759745146948
[DEBUG]   last_tweet_id_in_state: 1993533759745146948
[DEBUG]   new_last_tweet_id (latest fetched): 1993533759745146948
[DEBUG] Saved data for 1 accounts (0 total tweets) to test_tweets_data.json
[DEBUG] About to call generate_summary with 0 tweets
[DEBUG] combined_previous_summary length: 3147
[DEBUG] generate_summary returned, length: 3129
[DEBUG] Returning RefreshResponse with summary length: 3129
[DEBUG] Summary being returned does NOT contain $1 or $2 placeholders - GOOD!
[DEBUG] First 500 chars of summary being returned: ## Actionable Insights
- **No New Updates**: No new tweets from @hhuang, so prior financial insights remain unchanged—maintain short-term sell signals on $GOOG (partial profits at $330, full exit at $360) due to AI narrative volatility, with long-term re-entry plans on EPS growth; monitor AI ecosystem for opportunities.
- **Ongoing Buy Signals**: Continue bullish outlook on AI infrastructure ($LITE, $COHR for CPO optics in data centers) and "Google family" stocks ($CLS, $AVGO, $GOOG); view $NVDA
[DEBUG] ========== /refresh-brief CALLED ==========
[DEBUG] Monitored accounts: ['hhuang']
[DEBUG] Fetching tweets for hhuang (has previous summary), using since_id: 1993533759745146948
[DEBUG] fetch_tweets returned 0 tweets for hhuang
[DEBUG] Collected 0 tweets for hhuang (will save all accounts together)
[DEBUG]   had_previous_summary: True
[DEBUG]   since_id_used_for_filtering: 1993533759745146948
[DEBUG]   last_tweet_id_in_state: 1993533759745146948
[DEBUG]   new_last_tweet_id (latest fetched): 1993533759745146948
[DEBUG] Saved data for 1 accounts (0 total tweets) to test_tweets_data.json
[DEBUG] About to call generate_summary with 0 tweets
[DEBUG] combined_previous_summary length: 3138
[DEBUG] generate_summary returned, length: 3129
[DEBUG] Returning RefreshResponse with summary length: 3129
[DEBUG] Summary being returned does NOT contain $1 or $2 placeholders - GOOD!
[DEBUG] First 500 chars of summary being returned: ## Actionable Insights
- **No New Updates**: No new tweets from @hhuang, so prior financial insights remain unchanged—maintain short-term sell signals on $GOOG (partial profits at $330, full exit at $360) due to AI narrative volatility, with long-term re-entry plans on EPS growth; monitor AI ecosystem for opportunities.
- **Ongoing Buy Signals**: Continue bullish outlook on AI infrastructure ($LITE, $COHR for CPO optics in data centers) and "Google family" stocks ($CLS, $AVGO, $GOOG); view $NVDA
[DEBUG] ========== /refresh-brief CALLED ==========
[DEBUG] Monitored accounts: ['hhuang']
[DEBUG] Fetching tweets for hhuang (has previous summary), using since_id: 1993533759745146948
[DEBUG] fetch_tweets returned 0 tweets for hhuang
[DEBUG] Collected 0 tweets for hhuang (will save all accounts together)
[DEBUG]   had_previous_summary: True
[DEBUG]   since_id_used_for_filtering: 1993533759745146948
[DEBUG]   last_tweet_id_in_state: 1993533759745146948
[DEBUG]   new_last_tweet_id (latest fetched): 1993533759745146948
[DEBUG] Saved data for 1 accounts (0 total tweets) to test_tweets_data.json
[DEBUG] About to call generate_summary with 0 tweets
[DEBUG] combined_previous_summary length: 3138
[DEBUG] generate_summary returned, length: 3129
[DEBUG] Returning RefreshResponse with summary length: 3129
[DEBUG] Summary being returned does NOT contain $1 or $2 placeholders - GOOD!
[DEBUG] First 500 chars of summary being returned: ## Actionable Insights
- **No New Updates**: No new tweets from @hhuang, so prior financial insights remain unchanged—maintain short-term sell signals on $GOOG (partial profits at $330, full exit at $360) due to AI narrative volatility, with long-term re-entry plans on EPS growth; monitor AI ecosystem for opportunities.
- **Ongoing Buy Signals**: Continue bullish outlook on AI infrastructure ($LITE, $COHR for CPO optics in data centers) and "Google family" stocks ($CLS, $AVGO, $GOOG); view $NVDA
[DEBUG] ========== /refresh-brief CALLED ==========
[DEBUG] Monitored accounts: ['hhuang']
[DEBUG] Fetching tweets for hhuang (has previous summary), using since_id: 1993533759745146948
[DEBUG] fetch_tweets returned 0 tweets for hhuang
[DEBUG] Collected 0 tweets for hhuang (will save all accounts together)
[DEBUG]   had_previous_summary: True
[DEBUG]   since_id_used_for_filtering: 1993533759745146948
[DEBUG]   last_tweet_id_in_state: 1993533759745146948
[DEBUG]   new_last_tweet_id (latest fetched): 1993533759745146948
[DEBUG] Saved data for 1 accounts (0 total tweets) to test_tweets_data.json
[DEBUG] combined_previous_summary length: 3138
[DEBUG] Total new tweets collected: 0
[DEBUG] No new tweets found - returning previous summary without regeneration
[DEBUG] ========== /refresh-brief CALLED ==========
[DEBUG] Monitored accounts: ['hhuang']
[DEBUG] Fetching tweets for hhuang (has previous summary), using since_id: 1993533759745146948
[DEBUG] fetch_tweets returned 0 tweets for hhuang
[DEBUG] Collected 0 tweets for hhuang (will save all accounts together)
[DEBUG]   had_previous_summary: True
[DEBUG]   since_id_used_for_filtering: 1993533759745146948
[DEBUG]   last_tweet_id_in_state: 1993533759745146948
[DEBUG]   new_last_tweet_id (latest fetched): 1993533759745146948
[DEBUG] Saved data for 1 accounts (0 total tweets) to test_tweets_data.json
[DEBUG] combined_previous_summary length: 3138
[DEBUG] Total new tweets collected: 0
[DEBUG] No new tweets found - returning previous summary without regeneration
[DEBUG] ========== /refresh-brief CALLED ==========
[DEBUG] Monitored accounts: ['hhuang']
[DEBUG] Fetching tweets for hhuang (has previous summary), using since_id: 1993533759745146948
[DEBUG] fetch_tweets returned 17 tweets for hhuang
[DEBUG] Collected 17 tweets for hhuang (will save all accounts together)
[DEBUG]   had_previous_summary: True
[DEBUG]   since_id_used_for_filtering: 1993533759745146948
[DEBUG]   last_tweet_id_in_state: 1993533759745146948
[DEBUG]   new_last_tweet_id (latest fetched): 1993722096380498210
[DEBUG] Saved data for 1 accounts (17 total tweets) to test_tweets_data.json
[DEBUG] combined_previous_summary length: 3129
[DEBUG] Total new tweets collected: 17
[DEBUG] About to call generate_summary with 17 tweets
[DEBUG] generate_summary returned, length: 2211
[DEBUG] Returning RefreshResponse with summary length: 2211
[ERROR] WARNING: Summary being returned to frontend contains $1 or $2 placeholders!
[ERROR] Found 0 placeholder occurrences in final summary
[DEBUG] ========== /refresh-brief CALLED ==========
[DEBUG] Monitored accounts: ['hhuang', 'tig88411109', 'lord_fed']
[DEBUG] Fetching tweets for hhuang (has previous summary), using since_id: 1993722096380498210
[DEBUG] fetch_tweets returned 20 tweets for hhuang
[DEBUG] Collected 20 tweets for hhuang (will save all accounts together)
[DEBUG]   had_previous_summary: True
[DEBUG]   since_id_used_for_filtering: 1993722096380498210
[DEBUG]   last_tweet_id_in_state: 1993722096380498210
[DEBUG]   new_last_tweet_id (latest fetched): 1995703680201592999
[DEBUG] Waiting 6 seconds before fetching next account (rate limit protection)...
[DEBUG] Fetching tweets for tig88411109 (has previous summary), using since_id: 1993525866815689109
[DEBUG] fetch_tweets returned 20 tweets for tig88411109
[DEBUG] Collected 20 tweets for tig88411109 (will save all accounts together)
[DEBUG]   had_previous_summary: True
[DEBUG]   since_id_used_for_filtering: 1993525866815689109
[DEBUG]   last_tweet_id_in_state: 1993525866815689109
[DEBUG]   new_last_tweet_id (latest fetched): 1995609780061438361
[DEBUG] Waiting 6 seconds before fetching next account (rate limit protection)...
[DEBUG] Fetching tweets for lord_fed (has previous summary), using since_id: 1993224657609138373
[DEBUG] fetch_tweets returned 20 tweets for lord_fed
[DEBUG] Collected 20 tweets for lord_fed (will save all accounts together)
[DEBUG]   had_previous_summary: True
[DEBUG]   since_id_used_for_filtering: 1993224657609138373
[DEBUG]   last_tweet_id_in_state: 1993224657609138373
[DEBUG]   new_last_tweet_id (latest fetched): 1995680172671205810
[DEBUG] Saved data for 3 accounts (60 total tweets) to test_tweets_data.json
[DEBUG] combined_previous_summary length: 14848
[DEBUG] Total new tweets collected: 60
[DEBUG] About to call generate_summary with 60 tweets
[DEBUG] generate_summary returned, length: 3815
[DEBUG] Returning RefreshResponse with summary length: 3815
[DEBUG] Summary being returned does NOT contain $1 or $2 placeholders - GOOD!
[DEBUG] First 500 chars of summary being returned: ## Actionable Insights
- **$TSLA Valuation Defense**: Counter Michael Burry's bearish view by arguing his 2008 credit-bubble model misapplies to AI's energy/intelligence physics; $TSLA's integration of EVs, autonomy, and robotics positions it for a new growth curve, suggesting long-term hold potential over short-term overvaluation fears—avoid selling based on outdated paradigms.
- **Global Allocation Shift for 2026**: Overweight US equities due to resilient consumer spending and AI adoption dige
[DEBUG] ========== /refresh-brief-dev CALLED (USING SAMPLE DATA) ==========
[DEBUG] Loaded sample data with 3 accounts
[DEBUG] Accounts in sample data: ['hhuang', 'tig88411109', 'lord_fed']
[DEBUG] Processing 20 tweets for hhuang from sample data
[DEBUG] Processing 20 tweets for tig88411109 from sample data
[DEBUG] Processing 20 tweets for lord_fed from sample data
[DEBUG] Total tweets from sample data: 60
[DEBUG] combined_previous_summary length: 11449
[DEBUG] Total new tweets collected: 60
[DEBUG] About to call generate_summary with 60 tweets from sample data
[DEBUG] generate_summary returned, length: 5022
[DEBUG] Returning RefreshResponse with summary length: 5022
[DEBUG] ========== /refresh-brief-dev COMPLETED ==========
[DEBUG] ========== /refresh-brief-dev CALLED (USING SAMPLE DATA) ==========
[DEBUG] Loaded sample data with 3 accounts
[DEBUG] Accounts in sample data: ['hhuang', 'tig88411109', 'lord_fed']
[DEBUG] Processing 20 tweets for hhuang from sample data
[DEBUG] Processing 20 tweets for tig88411109 from sample data
[DEBUG] Processing 20 tweets for lord_fed from sample data
[DEBUG] Total tweets from sample data: 60
[DEBUG] combined_previous_summary length: 15070
[DEBUG] Total new tweets collected: 60
[DEBUG] About to call generate_summary with 60 tweets from sample data
[DEBUG] generate_summary returned, length: 4509
[DEBUG] Returning RefreshResponse with summary length: 4509
[DEBUG] ========== /refresh-brief-dev COMPLETED ==========
[DEBUG] ========== /refresh-brief-dev CALLED (USING SAMPLE DATA) ==========
[DEBUG] Loaded sample data with 3 accounts
[DEBUG] Accounts in sample data: ['hhuang', 'tig88411109', 'lord_fed']
[DEBUG] Processing 20 tweets for hhuang from sample data
[DEBUG] Processing 20 tweets for tig88411109 from sample data
[DEBUG] Processing 20 tweets for lord_fed from sample data
[DEBUG] Total tweets from sample data: 60
[DEBUG] combined_previous_summary length: 13531
[DEBUG] Total new tweets collected: 60
[DEBUG] About to call generate_summary with 60 tweets from sample data
[DEBUG] generate_summary returned, length: 4262
[DEBUG] Returning RefreshResponse with summary length: 4262
[DEBUG] ========== /refresh-brief-dev COMPLETED ==========
[DEBUG] ========== /refresh-brief-dev CALLED (USING SAMPLE DATA) ==========
[DEBUG] Loaded sample data with 3 accounts
[DEBUG] Accounts in sample data: ['hhuang', 'tig88411109', 'lord_fed']
[DEBUG] Processing 20 tweets for hhuang from sample data
[DEBUG] Processing 20 tweets for tig88411109 from sample data
[DEBUG] Processing 20 tweets for lord_fed from sample data
[DEBUG] Total tweets from sample data: 60
[DEBUG] combined_previous_summary length: 12790
[DEBUG] Total new tweets collected: 60
[DEBUG] About to call generate_summary with 60 tweets from sample data
[DEBUG] generate_summary returned, length: 4755
[DEBUG] Returning RefreshResponse with summary length: 4755
[DEBUG] ========== /refresh-brief-dev COMPLETED ==========
[DEBUG] ========== /refresh-brief-ui-dev CALLED (UI DEV MODE) ==========
[DEBUG] Returning saved summary (length: 14269)
[DEBUG] ========== /refresh-brief-dev CALLED (USING SAMPLE DATA) ==========
[DEBUG] Loaded sample data with 3 accounts
[DEBUG] Accounts in sample data: ['hhuang', 'tig88411109', 'lord_fed']
[DEBUG] Processing 20 tweets for hhuang from sample data
[DEBUG] Processing 20 tweets for tig88411109 from sample data
[DEBUG] Processing 20 tweets for lord_fed from sample data
[DEBUG] Total tweets from sample data: 60
[DEBUG] combined_previous_summary length: 14269
[DEBUG] Total new tweets collected: 60
[DEBUG] About to call generate_summary with 60 tweets from sample data
[DEBUG] generate_summary returned, length: 5292
[DEBUG] Returning RefreshResponse with summary length: 5292
[DEBUG] ========== /refresh-brief-dev COMPLETED ==========
[DEBUG] ========== /refresh-brief-ui-dev CALLED (UI DEV MODE) ==========
[DEBUG] Returning saved summary (length: 15880)
[DEBUG] ========== /refresh-brief-ui-dev CALLED (UI DEV MODE) ==========
[DEBUG] Returning saved summary (length: 15880)
[DEBUG] ========== /refresh-brief-ui-dev CALLED (UI DEV MODE) ==========
[DEBUG] Returning saved summary (length: 15880)
[DEBUG] ========== /refresh-brief-dev CALLED (USING SAMPLE DATA) ==========
[DEBUG] Loaded sample data with 3 accounts
[DEBUG] Accounts in sample data: ['hhuang', 'tig88411109', 'lord_fed']
[DEBUG] Processing 20 tweets for hhuang from sample data
[DEBUG] Processing 20 tweets for tig88411109 from sample data
[DEBUG] Processing 20 tweets for lord_fed from sample data
[DEBUG] Total tweets from sample data: 60
[DEBUG] combined_previous_summary length: 15880
[DEBUG] Total new tweets collected: 60
[DEBUG] About to call generate_summary with 60 tweets from sample data
[DEBUG] generate_summary returned, length: 5534
[DEBUG] Returning RefreshResponse with summary length: 5534
[DEBUG] ========== /refresh-brief-dev COMPLETED ==========
[DEBUG] ========== /refresh-brief-dev CALLED (USING SAMPLE DATA) ==========
[DEBUG] Loaded sample data with 3 accounts
[DEBUG] Accounts in sample data: ['hhuang', 'tig88411109', 'lord_fed']
[DEBUG] Processing 20 tweets for hhuang from sample data
[DEBUG] Processing 20 tweets for tig88411109 from sample data
[DEBUG] Processing 20 tweets for lord_fed from sample data
[DEBUG] Total tweets from sample data: 60
[DEBUG] combined_previous_summary length: 16606
[DEBUG] Total new tweets collected: 60
[DEBUG] About to call generate_summary with 60 tweets from sample data
[DEBUG] generate_summary returned, length: 1586
[DEBUG] Returning RefreshResponse with summary length: 1586
[DEBUG] ========== /refresh-brief-dev COMPLETED ==========
[DEBUG] ========== /refresh-brief-ui-dev CALLED (UI DEV MODE) ==========
[DEBUG] Returning saved summary (length: 4762)
[DEBUG] ========== /refresh-brief-ui-dev CALLED (UI DEV MODE) ==========
[DEBUG] Returning saved summary (length: 4762)
[DEBUG] ========== /refresh-brief-dev CALLED (USING SAMPLE DATA) ==========
[DEBUG] Loaded sample data with 3 accounts
[DEBUG] Accounts in sample data: ['hhuang', 'tig88411109', 'lord_fed']
[DEBUG] Processing 20 tweets for hhuang from sample data
[DEBUG] Processing 20 tweets for tig88411109 from sample data
[DEBUG] Processing 20 tweets for lord_fed from sample data
[DEBUG] Total tweets from sample data: 60
[DEBUG] combined_previous_summary length: 4762
[DEBUG] Total new tweets collected: 60
[DEBUG] About to call generate_summary with 60 tweets from sample data
[DEBUG] generate_summary returned, length: 4671
[DEBUG] Returning RefreshResponse with summary length: 4671
[DEBUG] ========== /refresh-brief-dev COMPLETED ==========
[DEBUG] ========== /refresh-brief-dev CALLED (USING SAMPLE DATA) ==========
[DEBUG] Loaded sample data with 3 accounts
[DEBUG] Accounts in sample data: ['hhuang', 'tig88411109', 'lord_fed']
[DEBUG] Processing 20 tweets for hhuang from sample data
[DEBUG] Processing 20 tweets for tig88411109 from sample data
[DEBUG] Processing 20 tweets for lord_fed from sample data
[DEBUG] Total tweets from sample data: 60
[DEBUG] combined_previous_summary length: 14017
[DEBUG] Total new tweets collected: 60
[DEBUG] About to call generate_summary with 60 tweets from sample data
[DEBUG] generate_summary returned, length: 8325
[DEBUG] Returning RefreshResponse with summary length: 8325
[DEBUG] ========== /refresh-brief-dev COMPLETED ==========
[DEBUG] ========== /refresh-brief-ui-dev CALLED (UI DEV MODE) ==========
[DEBUG] Returning saved summary (length: 24979)
[DEBUG] ========== /refresh-brief-ui-dev CALLED (UI DEV MODE) ==========
[DEBUG] Returning saved summary (length: 24979)
[DEBUG] ========== /refresh-brief-ui-dev CALLED (UI DEV MODE) ==========
[DEBUG] Returning saved summary (length: 24979)
[DEBUG] ========== /refresh-brief-dev CALLED (USING SAMPLE DATA) ==========
[DEBUG] Loaded sample data with 3 accounts
[DEBUG] Accounts in sample data: ['hhuang', 'tig88411109', 'lord_fed']
[DEBUG] Processing 20 tweets for hhuang from sample data
[DEBUG] Processing 20 tweets for tig88411109 from sample data
[DEBUG] Processing 20 tweets for lord_fed from sample data
[DEBUG] Total tweets from sample data: 60
[DEBUG] combined_previous_summary length: 24979
[DEBUG] Total new tweets collected: 60
[DEBUG] About to call generate_summary with 60 tweets from sample data
[DEBUG] generate_summary returned, length: 5646
[DEBUG] Returning RefreshResponse with summary length: 5646
[DEBUG] ========== /refresh-brief-dev COMPLETED ==========
[DEBUG] ========== /refresh-brief-dev CALLED (USING SAMPLE DATA) ==========
[DEBUG] Loaded sample data with 3 accounts
[DEBUG] Accounts in sample data: ['hhuang', 'tig88411109', 'lord_fed']
[DEBUG] Processing 20 tweets for hhuang from sample data
[DEBUG] Processing 20 tweets for tig88411109 from sample data
[DEBUG] Processing 20 tweets for lord_fed from sample data
[DEBUG] Total tweets from sample data: 60
[DEBUG] combined_previous_summary length: 16942
[DEBUG] Total new tweets collected: 60
[DEBUG] About to call generate_summary with 60 tweets from sample data
[DEBUG] generate_summary returned, length: 6741
[DEBUG] Returning RefreshResponse with summary length: 6741
[DEBUG] ========== /refresh-brief-dev COMPLETED ==========
[DEBUG] ========== /refresh-brief-dev CALLED (USING SAMPLE DATA) ==========
[DEBUG] Loaded sample data with 3 accounts
[DEBUG] Accounts in sample data: ['hhuang', 'tig88411109', 'lord_fed']
[DEBUG] Processing 20 tweets for hhuang from sample data
[DEBUG] Processing 20 tweets for tig88411109 from sample data
[DEBUG] Processing 20 tweets for lord_fed from sample data
[DEBUG] Total tweets from sample data: 60
[DEBUG] combined_previous_summary length: 20227
[DEBUG] Total new tweets collected: 60
[DEBUG] About to call generate_summary with 60 tweets from sample data
[DEBUG] generate_summary returned, length: 5392
[DEBUG] Returning RefreshResponse with summary length: 5392
[DEBUG] ========== /refresh-brief-dev COMPLETED ==========
[DEBUG] ========== /refresh-brief-dev CALLED (USING SAMPLE DATA) ==========
[DEBUG] Loaded sample data with 3 accounts
[DEBUG] Accounts in sample data: ['hhuang', 'tig88411109', 'lord_fed']
[DEBUG] Processing 20 tweets for hhuang from sample data
[DEBUG] Processing 20 tweets for tig88411109 from sample data
[DEBUG] Processing 20 tweets for lord_fed from sample data
[DEBUG] Total tweets from sample data: 60
[DEBUG] combined_previous_summary length: 16180
[DEBUG] Total new tweets collected: 60
[DEBUG] About to call generate_summary with 60 tweets from sample data
[DEBUG] generate_summary returned, length: 5129
[DEBUG] Returning RefreshResponse with summary length: 5129
[DEBUG] ========== /refresh-brief-dev COMPLETED ==========
[DEBUG] ========== /refresh-brief-dev CALLED (USING SAMPLE DATA) ==========
[DEBUG] Loaded sample data with 3 accounts
[DEBUG] Accounts in sample data: ['hhuang', 'tig88411109', 'lord_fed']
[DEBUG] Processing 20 tweets for hhuang from sample data
[DEBUG] Processing 20 tweets for tig88411109 from sample data
[DEBUG] Processing 20 tweets for lord_fed from sample data
[DEBUG] Total tweets from sample data: 60
[DEBUG] combined_previous_summary length: 15391
[DEBUG] Total new tweets collected: 60
[DEBUG] About to call generate_summary with 60 tweets from sample data
[DEBUG] generate_summary returned, length: 5878
[DEBUG] Returning RefreshResponse with summary length: 5878
[DEBUG] ========== /refresh-brief-dev COMPLETED ==========
[DEBUG] ========== /refresh-brief-ui-dev CALLED (UI DEV MODE) ==========
[DEBUG] Returning saved summary (length: 17638)
[DEBUG] ========== /refresh-brief-ui-dev CALLED (UI DEV MODE) ==========
[DEBUG] Returning saved summary (length: 17638)
[DEBUG] ========== /refresh-brief-ui-dev CALLED (UI DEV MODE) ==========
[DEBUG] Returning saved summary (length: 17638)
[DEBUG] ========== /refresh-brief-ui-dev CALLED (UI DEV MODE) ==========
[DEBUG] Returning saved summary (length: 17638)
[DEBUG] ========== /refresh-brief-ui-dev CALLED (UI DEV MODE) ==========
[DEBUG] Returning saved summary (length: 17638)
[DEBUG] ========== /refresh-brief-ui-dev CALLED (UI DEV MODE) ==========
[DEBUG] Returning saved summary (length: 17638)
[DEBUG] ========== /refresh-brief-ui-dev CALLED (UI DEV MODE) ==========
[DEBUG] Returning saved summary (length: 17638)
[DEBUG] ========== /refresh-brief-ui-dev CALLED (UI DEV MODE) ==========
[DEBUG] Returning saved summary (length: 17638)
[DEBUG] ========== /refresh-brief-ui-dev CALLED (UI DEV MODE) ==========
[DEBUG] Returning saved summary (length: 17638)
[DEBUG] ========== /refresh-brief-ui-dev CALLED (UI DEV MODE) ==========
[DEBUG] Returning saved summary (length: 17638)
[DEBUG] ========== /refresh-brief-ui-dev CALLED (UI DEV MODE) ==========
[DEBUG] Returning saved summary (length: 17638)
[DEBUG] ========== /refresh-brief-dev CALLED (USING SAMPLE DATA) ==========
[DEBUG] Loaded sample data with 3 accounts
[DEBUG] Accounts in sample data: ['hhuang', 'tig88411109', 'lord_fed']
[DEBUG] Processing 20 tweets for hhuang from sample data
[DEBUG] Processing 20 tweets for tig88411109 from sample data
[DEBUG] Processing 20 tweets for lord_fed from sample data
[DEBUG] Total tweets from sample data: 60
[DEBUG] combined_previous_summary length: 17638
[DEBUG] Total new tweets collected: 60
[DEBUG] About to call generate_summary with 60 tweets from sample data
[DEBUG] generate_summary returned, length: 5763
[DEBUG] Returning RefreshResponse with summary length: 5763
[DEBUG] ========== /refresh-brief-dev COMPLETED ==========
[DEBUG] ========== /refresh-brief CALLED ==========
[DEBUG] Monitored accounts: ['hhuang', 'tig88411109', 'lord_fed']
[DEBUG] Fetching tweets for hhuang (has previous summary), using since_id: 1995703680201592999
[DEBUG] fetch_tweets returned 14 tweets for hhuang
[DEBUG] Stored username '3X Long Labubu' for account hhuang
[DEBUG] Collected 14 tweets for hhuang (will save all accounts together)
[DEBUG]   had_previous_summary: True
[DEBUG]   since_id_used_for_filtering: 1995703680201592999
[DEBUG]   last_tweet_id_in_state: 1995703680201592999
[DEBUG]   new_last_tweet_id (latest fetched): 1996023421663412563
[DEBUG] Waiting 6 seconds before fetching next account (rate limit protection)...
[DEBUG] Fetching tweets for tig88411109 (has previous summary), using since_id: 1995609780061438361
[DEBUG] fetch_tweets returned 12 tweets for tig88411109
[DEBUG] Stored username 'Tigris 会讲课教授是好老师' for account tig88411109
[DEBUG] Collected 12 tweets for tig88411109 (will save all accounts together)
[DEBUG]   had_previous_summary: True
[DEBUG]   since_id_used_for_filtering: 1995609780061438361
[DEBUG]   last_tweet_id_in_state: 1995609780061438361
[DEBUG]   new_last_tweet_id (latest fetched): 1996019497313206369
[DEBUG] Waiting 6 seconds before fetching next account (rate limit protection)...
[DEBUG] Fetching tweets for lord_fed (has previous summary), using since_id: 1995680172671205810
[DEBUG] fetch_tweets returned 20 tweets for lord_fed
[DEBUG] Stored username 'Fed' for account lord_fed
[DEBUG] Collected 20 tweets for lord_fed (will save all accounts together)
[DEBUG]   had_previous_summary: True
[DEBUG]   since_id_used_for_filtering: 1995680172671205810
[DEBUG]   last_tweet_id_in_state: 1995680172671205810
[DEBUG]   new_last_tweet_id (latest fetched): 1995992145195303174
[DEBUG] Saved data for 3 accounts (46 total tweets) to test_tweets_data.json
[DEBUG] combined_previous_summary length: 17293
[DEBUG] Total new tweets collected: 46
[DEBUG] About to call generate_summary with 46 tweets
[DEBUG] generate_summary returned, length: 5830
[DEBUG] Saved summary to database with ID: 5, tweet_ids: 46
[DEBUG] Returning RefreshResponse with summary length: 5830
[ERROR] WARNING: Summary being returned to frontend contains $1 or $2 placeholders!
[ERROR] Found 0 placeholder occurrences in final summary
[DEBUG] ========== /refresh-brief-dev CALLED (USING SAMPLE DATA) ==========
[DEBUG] Loaded sample data with 3 accounts
[DEBUG] Accounts in sample data: ['hhuang', 'tig88411109', 'lord_fed']
[DEBUG] Processing 14 tweets for hhuang from sample data
[DEBUG] Processing 12 tweets for tig88411109 from sample data
[DEBUG] Processing 20 tweets for lord_fed from sample data
[DEBUG] Total tweets from sample data: 46
[DEBUG] combined_previous_summary length: 17494
[DEBUG] Total new tweets collected: 46
[DEBUG] About to call generate_summary with 46 tweets from sample data
[DEBUG] generate_summary returned, length: 5877
[DEBUG] Returning RefreshResponse with summary length: 5877
[DEBUG] ========== /refresh-brief-dev COMPLETED ==========
[DEBUG] ========== /refresh-brief CALLED ==========
[DEBUG] Monitored accounts: ['hhuang', 'tig88411109', 'lord_fed']
[DEBUG] Fetching tweets for hhuang
[DEBUG]   last_tweet_id: 1996023421663412563
[DEBUG]   last_fetch_timestamp_utc: 2025-12-04T03:00:15.503688+00:00
[DEBUG] fetch_tweets returned 14 tweets for hhuang
[DEBUG] Collected 14 tweets for hhuang (will save all accounts together)
[DEBUG]   had_last_tweet_id: True
[DEBUG]   last_fetch_timestamp_utc: 2025-12-04T03:00:15.503688+00:00
[DEBUG]   last_tweet_id_in_state: 1996023421663412563
[DEBUG]   new_last_tweet_id (latest fetched): 1996409922096124290
[DEBUG] Waiting 6 seconds before fetching next account (rate limit protection)...
[DEBUG] Fetching tweets for tig88411109
[DEBUG]   last_tweet_id: 1996019497313206369
[DEBUG]   last_fetch_timestamp_utc: 2025-12-04T02:04:43.824669+00:00
[DEBUG] fetch_tweets returned 19 tweets for tig88411109
[DEBUG] Collected 19 tweets for tig88411109 (will save all accounts together)
[DEBUG]   had_last_tweet_id: True
[DEBUG]   last_fetch_timestamp_utc: 2025-12-04T02:04:43.824669+00:00
[DEBUG]   last_tweet_id_in_state: 1996019497313206369
[DEBUG]   new_last_tweet_id (latest fetched): 1996346909066424483
[DEBUG] Waiting 6 seconds before fetching next account (rate limit protection)...
[DEBUG] Fetching tweets for lord_fed
[DEBUG]   last_tweet_id: 1995992145195303174
[DEBUG]   last_fetch_timestamp_utc: 2025-12-04T02:04:43.824669+00:00
[DEBUG] fetch_tweets returned 20 tweets for lord_fed
[DEBUG] Collected 20 tweets for lord_fed (will save all accounts together)
[DEBUG]   had_last_tweet_id: True
[DEBUG]   last_fetch_timestamp_utc: 2025-12-04T02:04:43.824669+00:00
[DEBUG]   last_tweet_id_in_state: 1995992145195303174
[DEBUG]   new_last_tweet_id (latest fetched): 1996340247291134112
[DEBUG] Saved data for 3 accounts (53 total tweets) to test_tweets_data.json
[DEBUG] latest_summary from database length: 47
[DEBUG] Total new tweets collected: 53
[DEBUG] About to call generate_summary with 53 tweets
[DEBUG] generate_summary returned, length: 4110
[DEBUG] Saved summary to database with ID: 7, tweet_ids: 53
[DEBUG] Returning RefreshResponse with summary length: 4110
[ERROR] WARNING: Summary being returned to frontend contains $1 or $2 placeholders!
[ERROR] Found 0 placeholder occurrences in final summary
[DEBUG] ========== /refresh-brief CALLED ==========
[DEBUG] Monitored accounts: ['hhuang', 'tig88411109', 'lord_fed']
[DEBUG] Fetching tweets for hhuang
[DEBUG]   last_tweet_id: 1996023421663412563
[DEBUG]   last_fetch_timestamp_utc: 2025-12-03T15:15:50.223011+00:00
[DEBUG] fetch_tweets returned 8 tweets for hhuang
[DEBUG] Collected 8 tweets for hhuang (will save all accounts together)
[DEBUG]   had_last_tweet_id: True
[DEBUG]   last_fetch_timestamp_utc: 2025-12-03T15:15:50.223011+00:00
[DEBUG]   last_tweet_id_in_state: 1996023421663412563
[DEBUG]   new_last_tweet_id (latest fetched): 1996409922096124290
[DEBUG] Waiting 6 seconds before fetching next account (rate limit protection)...
[DEBUG] Fetching tweets for tig88411109
[DEBUG]   last_tweet_id: 1996019497313206369
[DEBUG]   last_fetch_timestamp_utc: 2025-12-03T15:15:50.223011+00:00
[DEBUG] fetch_tweets returned 3 tweets for tig88411109
[DEBUG] Collected 3 tweets for tig88411109 (will save all accounts together)
[DEBUG]   had_last_tweet_id: True
[DEBUG]   last_fetch_timestamp_utc: 2025-12-03T15:15:50.223011+00:00
[DEBUG]   last_tweet_id_in_state: 1996019497313206369
[DEBUG]   new_last_tweet_id (latest fetched): 1996346909066424483
[DEBUG] Waiting 6 seconds before fetching next account (rate limit protection)...
[DEBUG] Fetching tweets for lord_fed
[DEBUG]   last_tweet_id: 1995992145195303174
[DEBUG]   last_fetch_timestamp_utc: 2025-12-03T15:15:50.223011+00:00
[DEBUG] fetch_tweets returned 18 tweets for lord_fed
[DEBUG] Collected 18 tweets for lord_fed (will save all accounts together)
[DEBUG]   had_last_tweet_id: True
[DEBUG]   last_fetch_timestamp_utc: 2025-12-03T15:15:50.223011+00:00
[DEBUG]   last_tweet_id_in_state: 1995992145195303174
[DEBUG]   new_last_tweet_id (latest fetched): 1996340247291134112
[DEBUG] Saved data for 3 accounts (29 total tweets) to test_tweets_data.json
[DEBUG] latest_summary from database length: 4110
[DEBUG] Total new tweets collected: 29
[DEBUG] About to call generate_summary with 29 tweets
[DEBUG] generate_summary returned, length: 1608
[DEBUG] Saved summary to database with ID: 8, tweet_ids: 29
[DEBUG] Returning RefreshResponse with summary length: 1608
[ERROR] WARNING: Summary being returned to frontend contains $1 or $2 placeholders!
[ERROR] Found 0 placeholder occurrences in final summary
[DEBUG] ========== refresh_brief_logic CALLED ==========
[DEBUG] Monitored accounts: ['hhuang', 'tig88411109', 'lord_fed']
[DEBUG] Fetching tweets for hhuang
[DEBUG]   last_tweet_id: 1996023421663412563
[DEBUG]   last_fetch_timestamp_utc: 2025-12-03T15:15:50.223011+00:00
[DEBUG] fetch_tweets returned 8 tweets for hhuang
[DEBUG] Collected 8 tweets for hhuang (will save all accounts together)
[DEBUG]   had_last_tweet_id: True
[DEBUG]   last_fetch_timestamp_utc: 2025-12-03T15:15:50.223011+00:00
[DEBUG]   last_tweet_id_in_state: 1996023421663412563
[DEBUG]   new_last_tweet_id (latest fetched): 1996409922096124290
[DEBUG] Waiting 6 seconds before fetching next account (rate limit protection)...
[DEBUG] Fetching tweets for tig88411109
[DEBUG]   last_tweet_id: 1996019497313206369
[DEBUG]   last_fetch_timestamp_utc: 2025-12-03T15:15:50.223011+00:00
[DEBUG] fetch_tweets returned 3 tweets for tig88411109
[DEBUG] Collected 3 tweets for tig88411109 (will save all accounts together)
[DEBUG]   had_last_tweet_id: True
[DEBUG]   last_fetch_timestamp_utc: 2025-12-03T15:15:50.223011+00:00
[DEBUG]   last_tweet_id_in_state: 1996019497313206369
[DEBUG]   new_last_tweet_id (latest fetched): 1996346909066424483
[DEBUG] Waiting 6 seconds before fetching next account (rate limit protection)...
[DEBUG] Fetching tweets for lord_fed
[DEBUG]   last_tweet_id: 1995992145195303174
[DEBUG]   last_fetch_timestamp_utc: 2025-12-03T15:15:50.223011+00:00
[DEBUG] fetch_tweets returned 18 tweets for lord_fed
[DEBUG] Collected 18 tweets for lord_fed (will save all accounts together)
[DEBUG]   had_last_tweet_id: True
[DEBUG]   last_fetch_timestamp_utc: 2025-12-03T15:15:50.223011+00:00
[DEBUG]   last_tweet_id_in_state: 1995992145195303174
[DEBUG]   new_last_tweet_id (latest fetched): 1996340247291134112
[DEBUG] Saved data for 3 accounts (29 total tweets) to test_tweets_data.json
[DEBUG] latest_summary from database length: 1608
[DEBUG] Total new tweets collected: 29
[DEBUG] About to call generate_summary with 29 tweets
[DEBUG] generate_summary returned, length: 1983
[DEBUG] Saved summary to database with ID: 9, tweet_ids: 29
[DEBUG] Returning RefreshResponse with summary length: 1983
[ERROR] WARNING: Summary being returned to frontend contains $1 or $2 placeholders!
[ERROR] Found 0 placeholder occurrences in final summary
[DEBUG] ========== refresh_brief_logic CALLED ==========
[DEBUG] Monitored accounts: ['hhuang', 'tig88411109', 'lord_fed']
[DEBUG] Fetching tweets for hhuang
[DEBUG]   last_tweet_id: 1996023421663412563
[DEBUG]   last_fetch_timestamp_utc: 2025-12-03T15:15:50.223011+00:00
[DEBUG] fetch_tweets returned 8 tweets for hhuang
[DEBUG] Collected 8 tweets for hhuang (will save all accounts together)
[DEBUG]   had_last_tweet_id: True
[DEBUG]   last_fetch_timestamp_utc: 2025-12-03T15:15:50.223011+00:00
[DEBUG]   last_tweet_id_in_state: 1996023421663412563
[DEBUG]   new_last_tweet_id (latest fetched): 1996409922096124290
[DEBUG] Waiting 6 seconds before fetching next account (rate limit protection)...
[DEBUG] Fetching tweets for tig88411109
[DEBUG]   last_tweet_id: 1996019497313206369
[DEBUG]   last_fetch_timestamp_utc: 2025-12-03T15:15:50.223011+00:00
[DEBUG] fetch_tweets returned 3 tweets for tig88411109
[DEBUG] Collected 3 tweets for tig88411109 (will save all accounts together)
[DEBUG]   had_last_tweet_id: True
[DEBUG]   last_fetch_timestamp_utc: 2025-12-03T15:15:50.223011+00:00
[DEBUG]   last_tweet_id_in_state: 1996019497313206369
[DEBUG]   new_last_tweet_id (latest fetched): 1996346909066424483
[DEBUG] Waiting 6 seconds before fetching next account (rate limit protection)...
[DEBUG] ========== refresh_brief_logic CALLED ==========
[DEBUG] Monitored accounts: ['hhuang', 'tig88411109', 'lord_fed']
[DEBUG] Fetching tweets for hhuang
[DEBUG]   last_tweet_id: 1996023421663412563
[DEBUG]   last_fetch_timestamp_utc: 2025-12-03T15:15:50.223011+00:00
[DEBUG] fetch_tweets returned 27 tweets for hhuang
[DEBUG] Collected 27 tweets for hhuang (will save all accounts together)
[DEBUG]   had_last_tweet_id: True
[DEBUG]   last_fetch_timestamp_utc: 2025-12-03T15:15:50.223011+00:00
[DEBUG]   last_tweet_id_in_state: 1996023421663412563
[DEBUG]   new_last_tweet_id (latest fetched): 1996409922096124290
[DEBUG] Waiting 6 seconds before fetching next account (rate limit protection)...
[DEBUG] Fetching tweets for tig88411109
[DEBUG]   last_tweet_id: 1996019497313206369
[DEBUG]   last_fetch_timestamp_utc: 2025-12-03T15:15:50.223011+00:00
[DEBUG] fetch_tweets returned 3 tweets for tig88411109
[DEBUG] Collected 3 tweets for tig88411109 (will save all accounts together)
[DEBUG]   had_last_tweet_id: True
[DEBUG]   last_fetch_timestamp_utc: 2025-12-03T15:15:50.223011+00:00
[DEBUG]   last_tweet_id_in_state: 1996019497313206369
[DEBUG]   new_last_tweet_id (latest fetched): 1996346909066424483
[DEBUG] Waiting 6 seconds before fetching next account (rate limit protection)...
[DEBUG] Fetching tweets for lord_fed
[DEBUG]   last_tweet_id: 1995992145195303174
[DEBUG]   last_fetch_timestamp_utc: 2025-12-03T15:15:50.223011+00:00
[DEBUG] fetch_tweets returned 18 tweets for lord_fed
[DEBUG] Collected 18 tweets for lord_fed (will save all accounts together)
[DEBUG]   had_last_tweet_id: True
[DEBUG]   last_fetch_timestamp_utc: 2025-12-03T15:15:50.223011+00:00
[DEBUG]   last_tweet_id_in_state: 1995992145195303174
[DEBUG]   new_last_tweet_id (latest fetched): 1996340247291134112
[DEBUG] Saved data for 3 accounts (48 total tweets) to test_tweets_data.json
[DEBUG] latest_summary from database length: 1983
[DEBUG] Total new tweets collected: 48
[DEBUG] About to call generate_summary with 48 tweets
[DEBUG] generate_summary returned, length: 1470
[DEBUG] Saved summary to database with ID: 10, tweet_ids: 48
[DEBUG] Updating account tracking for hhuang: last_tweet_id=1996409922096124290, timestamp=2025-12-04T03:49:09.900245+00:00
[DEBUG] Updating account tracking for tig88411109: last_tweet_id=1996346909066424483, timestamp=2025-12-04T03:49:09.900245+00:00
[DEBUG] Updating account tracking for lord_fed: last_tweet_id=1996340247291134112, timestamp=2025-12-04T03:49:09.900245+00:00
[DEBUG] Returning RefreshResponse with summary length: 1470
[ERROR] WARNING: Summary being returned to frontend contains $1 or $2 placeholders!
[ERROR] Found 0 placeholder occurrences in final summary
[DEBUG] ========== refresh_brief_logic CALLED ==========
[DEBUG] Monitored accounts: ['hhuang', 'tig88411109', 'lord_fed']
[DEBUG] Fetching tweets for hhuang
[DEBUG]   last_tweet_id: 1996023421663412563
[DEBUG]   last_fetch_timestamp_utc: 2025-12-04T03:49:09.900245+00:00
[DEBUG] fetch_tweets returned 14 tweets for hhuang
[DEBUG] Collected 14 tweets for hhuang (will save all accounts together)
[DEBUG]   had_last_tweet_id: True
[DEBUG]   last_fetch_timestamp_utc: 2025-12-04T03:49:09.900245+00:00
[DEBUG]   last_tweet_id_in_state: 1996023421663412563
[DEBUG]   new_last_tweet_id (latest fetched): 1996409922096124290
[DEBUG] Waiting 6 seconds before fetching next account (rate limit protection)...
[DEBUG] Fetching tweets for tig88411109
[DEBUG]   last_tweet_id: 1996019497313206369
[DEBUG]   last_fetch_timestamp_utc: 2025-12-04T03:49:09.900245+00:00
[DEBUG] fetch_tweets returned 19 tweets for tig88411109
[DEBUG] Collected 19 tweets for tig88411109 (will save all accounts together)
[DEBUG]   had_last_tweet_id: True
[DEBUG]   last_fetch_timestamp_utc: 2025-12-04T03:49:09.900245+00:00
[DEBUG]   last_tweet_id_in_state: 1996019497313206369
[DEBUG]   new_last_tweet_id (latest fetched): 1996346909066424483
[DEBUG] Waiting 6 seconds before fetching next account (rate limit protection)...
[DEBUG] Fetching tweets for lord_fed
[DEBUG]   last_tweet_id: 1995992145195303174
[DEBUG]   last_fetch_timestamp_utc: 2025-12-04T03:49:09.900245+00:00
[DEBUG] fetch_tweets returned 20 tweets for lord_fed
[DEBUG] Collected 20 tweets for lord_fed (will save all accounts together)
[DEBUG]   had_last_tweet_id: True
[DEBUG]   last_fetch_timestamp_utc: 2025-12-04T03:49:09.900245+00:00
[DEBUG]   last_tweet_id_in_state: 1995992145195303174
[DEBUG]   new_last_tweet_id (latest fetched): 1996340247291134112
[DEBUG] Saved data for 3 accounts (53 total tweets) to test_tweets_data.json
[DEBUG] latest_summary from database length: 1470
[DEBUG] Total new tweets collected: 53
[DEBUG] About to call generate_summary with 53 tweets
[DEBUG] generate_summary returned, length: 3161
[DEBUG] Saved summary to database with ID: 11, tweet_ids: 53
[DEBUG] Updating account tracking for hhuang: last_tweet_id=1996409922096124290, timestamp=2025-12-04T03:53:39.353752+00:00
[DEBUG] Updating account tracking for tig88411109: last_tweet_id=1996346909066424483, timestamp=2025-12-04T03:53:39.353752+00:00
[DEBUG] Updating account tracking for lord_fed: last_tweet_id=1996340247291134112, timestamp=2025-12-04T03:53:39.353752+00:00
[DEBUG] Returning RefreshResponse with summary length: 3161
[ERROR] WARNING: Summary being returned to frontend contains $1 or $2 placeholders!
[ERROR] Found 0 placeholder occurrences in final summary
